TN:
SF:src\app.module.ts
FN:27,(anonymous_1)
FNF:1
FNH:1
FNDA:48,(anonymous_1)
DA:1,4
DA:2,4
DA:3,4
DA:4,4
DA:5,4
DA:6,4
DA:7,4
DA:8,4
DA:9,4
DA:10,4
DA:11,4
DA:28,48
DA:31,48
DA:32,27
DA:33,27
DA:34,1
DA:40,26
DA:41,26
DA:42,26
DA:43,26
DA:45,21
DA:59,4
LF:22
LH:22
BRDA:16,0,0,4
BRDA:16,0,1,0
BRDA:28,1,0,48
BRDA:28,1,1,20
BRDA:31,2,0,27
BRDA:31,3,0,48
BRDA:31,3,1,27
BRDA:33,4,0,1
BRDA:41,5,0,2
BRDA:41,5,1,24
BRDA:42,6,0,2
BRDA:42,6,1,24
BRF:12
BRH:11
end_of_record
TN:
SF:src\app.service.ts
FN:5,(anonymous_1)
FNF:1
FNH:1
FNDA:1,(anonymous_1)
DA:1,4
DA:4,4
DA:6,1
LF:3
LH:3
BRF:0
BRH:0
end_of_record
TN:
SF:src\controllers\app.controller.ts
FN:6,(anonymous_2)
FN:9,(anonymous_3)
FNF:2
FNH:2
FNDA:4,(anonymous_2)
FNDA:1,(anonymous_3)
DA:1,4
DA:2,4
DA:5,4
DA:6,4
DA:9,4
DA:10,1
LF:6
LH:6
BRF:0
BRH:0
end_of_record
TN:
SF:src\modules\auth.module.ts
FNF:0
FNH:0
DA:1,4
DA:2,4
DA:3,4
DA:4,4
DA:10,4
LF:5
LH:5
BRF:0
BRH:0
end_of_record
TN:
SF:src\modules\transaction.module.ts
FN:20,(anonymous_1)
FNF:1
FNH:1
FNDA:12,(anonymous_1)
DA:1,4
DA:2,4
DA:3,4
DA:7,4
DA:8,4
DA:9,4
DA:10,4
DA:20,12
DA:37,4
LF:9
LH:9
BRF:0
BRH:0
end_of_record
TN:
SF:src\modules\user.module.ts
FN:12,(anonymous_1)
FNF:1
FNH:1
FNDA:12,(anonymous_1)
DA:1,4
DA:2,4
DA:3,4
DA:4,4
DA:5,4
DA:6,4
DA:7,4
DA:12,12
DA:24,4
LF:9
LH:9
BRF:0
BRH:0
end_of_record
TN:
SF:src\resolvers\auth.resolver.ts
FN:11,(anonymous_4)
FN:14,(anonymous_5)
FN:49,(anonymous_6)
FN:74,(anonymous_7)
FNF:4
FNH:4
FNDA:4,(anonymous_4)
FNDA:5,(anonymous_5)
FNDA:15,(anonymous_6)
FNDA:20,(anonymous_7)
DA:1,4
DA:2,4
DA:3,4
DA:4,4
DA:5,4
DA:7,4
DA:10,4
DA:11,4
DA:14,4
DA:19,5
DA:20,5
DA:21,1
DA:23,4
DA:24,4
DA:28,4
DA:29,4
DA:38,4
DA:39,4
DA:40,4
DA:45,4
DA:49,4
DA:53,15
DA:54,15
DA:55,1
DA:57,14
DA:58,14
DA:59,1
DA:61,13
DA:62,13
DA:67,13
DA:72,4
DA:74,4
DA:75,20
DA:76,17
DA:78,3
LF:35
LH:35
BRDA:20,0,0,1
BRDA:54,1,0,1
BRDA:58,2,0,1
BRDA:75,3,0,17
BRF:4
BRH:4
end_of_record
TN:
SF:src\resolvers\transaction.resolver.ts
FN:19,(anonymous_4)
FN:25,(anonymous_5)
FN:44,(anonymous_6)
FN:85,(anonymous_7)
FN:132,(anonymous_8)
FN:209,(anonymous_9)
FNF:6
FNH:6
FNDA:4,(anonymous_4)
FNDA:3,(anonymous_5)
FNDA:9,(anonymous_6)
FNDA:3,(anonymous_7)
FNDA:5,(anonymous_8)
FNDA:25,(anonymous_9)
DA:1,4
DA:9,4
DA:10,4
DA:11,4
DA:15,4
DA:18,4
DA:20,4
DA:21,4
DA:25,4
DA:32,3
DA:33,0
DA:40,3
DA:44,4
DA:50,9
DA:51,0
DA:56,9
DA:57,1
DA:62,8
DA:63,8
DA:72,8
DA:73,8
DA:74,8
DA:85,4
DA:91,3
DA:92,0
DA:97,3
DA:98,1
DA:103,2
DA:104,2
DA:105,1
DA:110,1
DA:119,1
DA:120,1
DA:121,1
DA:132,4
DA:139,5
DA:140,1
DA:145,4
DA:146,1
DA:151,3
DA:152,3
DA:153,1
DA:158,2
DA:159,2
DA:160,1
DA:165,1
DA:166,1
DA:167,1
DA:176,1
DA:185,1
DA:188,1
DA:191,1
DA:192,1
DA:193,1
DA:194,1
DA:195,1
DA:207,4
DA:209,4
DA:210,25
DA:211,18
DA:213,7
LF:61
LH:58
BRDA:32,0,0,0
BRDA:50,1,0,0
BRDA:56,2,0,1
BRDA:91,3,0,0
BRDA:97,4,0,1
BRDA:104,5,0,1
BRDA:139,6,0,1
BRDA:145,7,0,1
BRDA:152,8,0,1
BRDA:159,9,0,1
BRDA:210,10,0,18
BRF:11
BRH:8
end_of_record
TN:
SF:src\resolvers\user.resolver.ts
FN:15,(anonymous_4)
FN:21,(anonymous_5)
FN:38,(anonymous_6)
FN:71,(anonymous_7)
FNF:4
FNH:4
FNDA:4,(anonymous_4)
FNDA:5,(anonymous_5)
FNDA:3,(anonymous_6)
FNDA:5,(anonymous_7)
DA:1,4
DA:9,4
DA:10,4
DA:11,4
DA:14,4
DA:16,4
DA:17,4
DA:21,4
DA:26,5
DA:27,3
DA:32,2
DA:33,2
DA:34,2
DA:38,4
DA:45,3
DA:46,0
DA:51,3
DA:52,3
DA:53,3
DA:54,1
DA:56,2
DA:57,1
DA:59,1
DA:60,1
DA:61,1
DA:69,4
DA:71,4
DA:72,5
DA:73,2
DA:75,3
LF:30
LH:29
BRDA:26,0,0,3
BRDA:45,1,0,0
BRDA:53,2,0,1
BRDA:56,3,0,1
BRDA:72,4,0,2
BRF:5
BRH:4
end_of_record
TN:
SF:src\services\transaction.service.ts
FN:12,(anonymous_4)
FN:17,(anonymous_5)
FN:24,(anonymous_6)
FN:59,(anonymous_7)
FNF:4
FNH:4
FNDA:8,(anonymous_4)
FNDA:11,(anonymous_5)
FNDA:3,(anonymous_6)
FNDA:1,(anonymous_7)
DA:1,4
DA:2,4
DA:3,4
DA:4,4
DA:11,4
DA:14,8
DA:20,11
DA:21,11
DA:29,3
DA:30,3
DA:31,3
DA:35,3
DA:37,3
DA:38,15
DA:39,1
DA:41,14
DA:42,8
DA:50,8
DA:52,14
DA:53,2
DA:56,3
DA:60,1
LF:22
LH:22
BRDA:38,0,0,1
BRDA:41,1,0,8
BRDA:52,2,0,2
BRF:3
BRH:3
end_of_record
TN:
SF:src\services\user.service.ts
FN:10,(anonymous_4)
FN:12,(anonymous_5)
FN:17,(anonymous_6)
FN:24,(anonymous_7)
FN:28,(anonymous_8)
FN:32,(anonymous_9)
FNF:6
FNH:6
FNDA:12,(anonymous_4)
FNDA:4,(anonymous_5)
FNDA:11,(anonymous_6)
FNDA:18,(anonymous_7)
FNDA:22,(anonymous_8)
FNDA:1,(anonymous_9)
DA:1,4
DA:2,4
DA:3,4
DA:4,4
DA:9,4
DA:10,12
DA:13,4
DA:14,4
DA:21,11
DA:25,18
DA:29,22
DA:33,1
LF:12
LH:12
BRF:0
BRH:0
end_of_record
TN:
SF:src\utils\auth_helper.ts
FN:16,DecodeAuthToken
FN:23,EncodeAuthClaims
FNF:2
FNH:2
FNDA:29,DecodeAuthToken
FNDA:19,EncodeAuthClaims
DA:1,5
DA:2,5
DA:16,5
DA:17,29
DA:23,5
DA:24,19
DA:25,19
DA:26,19
LF:8
LH:8
BRF:0
BRH:0
end_of_record
